<?xml version="1.0" encoding="UTF-8"?>
<!-- Generated by org.testng.reporters.JUnitReportReporter -->
<testsuite skipped="0" hostname="LIM-LP01517.local" name="selenium_ejm.Test_AutomationEol" tests="1" failures="0" timestamp="03 Jul 2019 20:52:02 GMT" time="25.886" errors="0">
  <testcase name="test_example" time="25.886" classname="selenium_ejm.Test_AutomationEol"/>
</testsuite> <!-- selenium_ejm.Test_AutomationEol -->
